{"numFailedTestSuites":0,"numFailedTests":0,"numPassedTestSuites":1,"numPassedTests":3,"numPendingTestSuites":0,"numPendingTests":0,"numRuntimeErrorTestSuites":0,"numTodoTests":0,"numTotalTestSuites":1,"numTotalTests":3,"openHandles":[],"snapshot":{"added":0,"didUpdate":false,"failure":false,"filesAdded":0,"filesRemoved":0,"filesRemovedList":[],"filesUnmatched":0,"filesUpdated":0,"matched":0,"total":0,"unchecked":0,"uncheckedKeysByFile":[],"unmatched":0,"updated":0},"startTime":1657415835890,"success":true,"testResults":[{"assertionResults":[{"ancestorTitles":[],"duration":14,"failureMessages":[],"fullName":"add 1 + 5 to be 6","location":null,"status":"passed","title":"add 1 + 5 to be 6"},{"ancestorTitles":[],"duration":0,"failureMessages":[],"fullName":"add 6 + 5 + 10 to be 21","location":null,"status":"passed","title":"add 6 + 5 + 10 to be 21"},{"ancestorTitles":[],"duration":1,"failureMessages":[],"fullName":"avg 1, 3 to be 2","location":null,"status":"passed","title":"avg 1, 3 to be 2"}],"endTime":1657415838910,"message":"","name":"C:\\Users\\William Emil Abreu\\Desktop\\Intec\\11vo Trimestre\\Administracion de Configuracion Lab. (IDS328L)\\ci_cd_workflow\\tests\\math_utils.test.js","startTime":1657415836238,"status":"passed","summary":""}],"wasInterrupted":false}